Determining if the pthread_create exist failed with the following output:
Change Dir: /home/av-ipc/Documents/GitHub/ezmile_gen0/gen0_lidars/build_isolated/sick_ldmrs_driver/CMakeFiles/CMakeTmp

Run Build Command:"/usr/bin/make" "cmTC_17ab0/fast"
/usr/bin/make -f CMakeFiles/cmTC_17ab0.dir/build.make CMakeFiles/cmTC_17ab0.dir/build
make[1]: Entering directory '/home/av-ipc/Documents/GitHub/ezmile_gen0/gen0_lidars/build_isolated/sick_ldmrs_driver/CMakeFiles/CMakeTmp'
Building C object CMakeFiles/cmTC_17ab0.dir/CheckSymbolExists.c.o
/usr/bin/cc    -o CMakeFiles/cmTC_17ab0.dir/CheckSymbolExists.c.o   -c /home/av-ipc/Documents/GitHub/ezmile_gen0/gen0_lidars/build_isolated/sick_ldmrs_driver/CMakeFiles/CMakeTmp/CheckSymbolExists.c
Linking C executable cmTC_17ab0
/usr/bin/cmake -E cmake_link_script CMakeFiles/cmTC_17ab0.dir/link.txt --verbose=1
/usr/bin/cc      -rdynamic CMakeFiles/cmTC_17ab0.dir/CheckSymbolExists.c.o  -o cmTC_17ab0 
CMakeFiles/cmTC_17ab0.dir/CheckSymbolExists.c.o: In function `main':
CheckSymbolExists.c:(.text+0x1b): undefined reference to `pthread_create'
collect2: error: ld returned 1 exit status
CMakeFiles/cmTC_17ab0.dir/build.make:97: recipe for target 'cmTC_17ab0' failed
make[1]: *** [cmTC_17ab0] Error 1
make[1]: Leaving directory '/home/av-ipc/Documents/GitHub/ezmile_gen0/gen0_lidars/build_isolated/sick_ldmrs_driver/CMakeFiles/CMakeTmp'
Makefile:126: recipe for target 'cmTC_17ab0/fast' failed
make: *** [cmTC_17ab0/fast] Error 2

File /home/av-ipc/Documents/GitHub/ezmile_gen0/gen0_lidars/build_isolated/sick_ldmrs_driver/CMakeFiles/CMakeTmp/CheckSymbolExists.c:
/* */
#include <pthread.h>

int main(int argc, char** argv)
{
  (void)argv;
#ifndef pthread_create
  return ((int*)(&pthread_create))[argc];
#else
  (void)argc;
  return 0;
#endif
}

Determining if the function pthread_create exists in the pthreads failed with the following output:
Change Dir: /home/av-ipc/Documents/GitHub/ezmile_gen0/gen0_lidars/build_isolated/sick_ldmrs_driver/CMakeFiles/CMakeTmp

Run Build Command:"/usr/bin/make" "cmTC_80541/fast"
/usr/bin/make -f CMakeFiles/cmTC_80541.dir/build.make CMakeFiles/cmTC_80541.dir/build
make[1]: Entering directory '/home/av-ipc/Documents/GitHub/ezmile_gen0/gen0_lidars/build_isolated/sick_ldmrs_driver/CMakeFiles/CMakeTmp'
Building C object CMakeFiles/cmTC_80541.dir/CheckFunctionExists.c.o
/usr/bin/cc   -DCHECK_FUNCTION_EXISTS=pthread_create   -o CMakeFiles/cmTC_80541.dir/CheckFunctionExists.c.o   -c /usr/share/cmake-3.10/Modules/CheckFunctionExists.c
Linking C executable cmTC_80541
/usr/bin/cmake -E cmake_link_script CMakeFiles/cmTC_80541.dir/link.txt --verbose=1
/usr/bin/cc  -DCHECK_FUNCTION_EXISTS=pthread_create    -rdynamic CMakeFiles/cmTC_80541.dir/CheckFunctionExists.c.o  -o cmTC_80541 -lpthreads 
/usr/bin/ld: cannot find -lpthreads
collect2: error: ld returned 1 exit status
CMakeFiles/cmTC_80541.dir/build.make:97: recipe for target 'cmTC_80541' failed
make[1]: *** [cmTC_80541] Error 1
make[1]: Leaving directory '/home/av-ipc/Documents/GitHub/ezmile_gen0/gen0_lidars/build_isolated/sick_ldmrs_driver/CMakeFiles/CMakeTmp'
Makefile:126: recipe for target 'cmTC_80541/fast' failed
make: *** [cmTC_80541/fast] Error 2


