Determining if the pthread_create exist failed with the following output:
Change Dir: /home/av-ipc/Documents/GitHub/ezmile_gen0/gen0_lidars/build_isolated/sick_ldmrs_tools/CMakeFiles/CMakeTmp

Run Build Command:"/usr/bin/make" "cmTC_31156/fast"
/usr/bin/make -f CMakeFiles/cmTC_31156.dir/build.make CMakeFiles/cmTC_31156.dir/build
make[1]: Entering directory '/home/av-ipc/Documents/GitHub/ezmile_gen0/gen0_lidars/build_isolated/sick_ldmrs_tools/CMakeFiles/CMakeTmp'
Building C object CMakeFiles/cmTC_31156.dir/CheckSymbolExists.c.o
/usr/bin/cc    -o CMakeFiles/cmTC_31156.dir/CheckSymbolExists.c.o   -c /home/av-ipc/Documents/GitHub/ezmile_gen0/gen0_lidars/build_isolated/sick_ldmrs_tools/CMakeFiles/CMakeTmp/CheckSymbolExists.c
Linking C executable cmTC_31156
/usr/bin/cmake -E cmake_link_script CMakeFiles/cmTC_31156.dir/link.txt --verbose=1
/usr/bin/cc      -rdynamic CMakeFiles/cmTC_31156.dir/CheckSymbolExists.c.o  -o cmTC_31156 
CMakeFiles/cmTC_31156.dir/CheckSymbolExists.c.o: In function `main':
CheckSymbolExists.c:(.text+0x1b): undefined reference to `pthread_create'
collect2: error: ld returned 1 exit status
CMakeFiles/cmTC_31156.dir/build.make:97: recipe for target 'cmTC_31156' failed
make[1]: *** [cmTC_31156] Error 1
make[1]: Leaving directory '/home/av-ipc/Documents/GitHub/ezmile_gen0/gen0_lidars/build_isolated/sick_ldmrs_tools/CMakeFiles/CMakeTmp'
Makefile:126: recipe for target 'cmTC_31156/fast' failed
make: *** [cmTC_31156/fast] Error 2

File /home/av-ipc/Documents/GitHub/ezmile_gen0/gen0_lidars/build_isolated/sick_ldmrs_tools/CMakeFiles/CMakeTmp/CheckSymbolExists.c:
/* */
#include <pthread.h>

int main(int argc, char** argv)
{
  (void)argv;
#ifndef pthread_create
  return ((int*)(&pthread_create))[argc];
#else
  (void)argc;
  return 0;
#endif
}

Determining if the function pthread_create exists in the pthreads failed with the following output:
Change Dir: /home/av-ipc/Documents/GitHub/ezmile_gen0/gen0_lidars/build_isolated/sick_ldmrs_tools/CMakeFiles/CMakeTmp

Run Build Command:"/usr/bin/make" "cmTC_d6409/fast"
/usr/bin/make -f CMakeFiles/cmTC_d6409.dir/build.make CMakeFiles/cmTC_d6409.dir/build
make[1]: Entering directory '/home/av-ipc/Documents/GitHub/ezmile_gen0/gen0_lidars/build_isolated/sick_ldmrs_tools/CMakeFiles/CMakeTmp'
Building C object CMakeFiles/cmTC_d6409.dir/CheckFunctionExists.c.o
/usr/bin/cc   -DCHECK_FUNCTION_EXISTS=pthread_create   -o CMakeFiles/cmTC_d6409.dir/CheckFunctionExists.c.o   -c /usr/share/cmake-3.10/Modules/CheckFunctionExists.c
Linking C executable cmTC_d6409
/usr/bin/cmake -E cmake_link_script CMakeFiles/cmTC_d6409.dir/link.txt --verbose=1
/usr/bin/cc  -DCHECK_FUNCTION_EXISTS=pthread_create    -rdynamic CMakeFiles/cmTC_d6409.dir/CheckFunctionExists.c.o  -o cmTC_d6409 -lpthreads 
/usr/bin/ld: cannot find -lpthreads
collect2: error: ld returned 1 exit status
CMakeFiles/cmTC_d6409.dir/build.make:97: recipe for target 'cmTC_d6409' failed
make[1]: *** [cmTC_d6409] Error 1
make[1]: Leaving directory '/home/av-ipc/Documents/GitHub/ezmile_gen0/gen0_lidars/build_isolated/sick_ldmrs_tools/CMakeFiles/CMakeTmp'
Makefile:126: recipe for target 'cmTC_d6409/fast' failed
make: *** [cmTC_d6409/fast] Error 2


