Determining if the pthread_create exist failed with the following output:
Change Dir: /home/av-ipc/Desktop/ezmile_gen0/gen0_hw/build/CMakeFiles/CMakeTmp

Run Build Command:"/usr/bin/make" "cmTC_38d4d/fast"
/usr/bin/make -f CMakeFiles/cmTC_38d4d.dir/build.make CMakeFiles/cmTC_38d4d.dir/build
make[1]: Entering directory '/home/av-ipc/Desktop/ezmile_gen0/gen0_hw/build/CMakeFiles/CMakeTmp'
Building C object CMakeFiles/cmTC_38d4d.dir/CheckSymbolExists.c.o
/usr/bin/cc    -o CMakeFiles/cmTC_38d4d.dir/CheckSymbolExists.c.o   -c /home/av-ipc/Desktop/ezmile_gen0/gen0_hw/build/CMakeFiles/CMakeTmp/CheckSymbolExists.c
Linking C executable cmTC_38d4d
/usr/bin/cmake -E cmake_link_script CMakeFiles/cmTC_38d4d.dir/link.txt --verbose=1
/usr/bin/cc      -rdynamic CMakeFiles/cmTC_38d4d.dir/CheckSymbolExists.c.o  -o cmTC_38d4d 
CMakeFiles/cmTC_38d4d.dir/CheckSymbolExists.c.o: In function `main':
CheckSymbolExists.c:(.text+0x1b): undefined reference to `pthread_create'
collect2: error: ld returned 1 exit status
CMakeFiles/cmTC_38d4d.dir/build.make:97: recipe for target 'cmTC_38d4d' failed
make[1]: *** [cmTC_38d4d] Error 1
make[1]: Leaving directory '/home/av-ipc/Desktop/ezmile_gen0/gen0_hw/build/CMakeFiles/CMakeTmp'
Makefile:126: recipe for target 'cmTC_38d4d/fast' failed
make: *** [cmTC_38d4d/fast] Error 2

File /home/av-ipc/Desktop/ezmile_gen0/gen0_hw/build/CMakeFiles/CMakeTmp/CheckSymbolExists.c:
/* */
#include <pthread.h>

int main(int argc, char** argv)
{
  (void)argv;
#ifndef pthread_create
  return ((int*)(&pthread_create))[argc];
#else
  (void)argc;
  return 0;
#endif
}

Determining if the function pthread_create exists in the pthreads failed with the following output:
Change Dir: /home/av-ipc/Desktop/ezmile_gen0/gen0_hw/build/CMakeFiles/CMakeTmp

Run Build Command:"/usr/bin/make" "cmTC_88654/fast"
/usr/bin/make -f CMakeFiles/cmTC_88654.dir/build.make CMakeFiles/cmTC_88654.dir/build
make[1]: Entering directory '/home/av-ipc/Desktop/ezmile_gen0/gen0_hw/build/CMakeFiles/CMakeTmp'
Building C object CMakeFiles/cmTC_88654.dir/CheckFunctionExists.c.o
/usr/bin/cc   -DCHECK_FUNCTION_EXISTS=pthread_create   -o CMakeFiles/cmTC_88654.dir/CheckFunctionExists.c.o   -c /usr/share/cmake-3.10/Modules/CheckFunctionExists.c
Linking C executable cmTC_88654
/usr/bin/cmake -E cmake_link_script CMakeFiles/cmTC_88654.dir/link.txt --verbose=1
/usr/bin/cc  -DCHECK_FUNCTION_EXISTS=pthread_create    -rdynamic CMakeFiles/cmTC_88654.dir/CheckFunctionExists.c.o  -o cmTC_88654 -lpthreads 
/usr/bin/ld: cannot find -lpthreads
collect2: error: ld returned 1 exit status
CMakeFiles/cmTC_88654.dir/build.make:97: recipe for target 'cmTC_88654' failed
make[1]: *** [cmTC_88654] Error 1
make[1]: Leaving directory '/home/av-ipc/Desktop/ezmile_gen0/gen0_hw/build/CMakeFiles/CMakeTmp'
Makefile:126: recipe for target 'cmTC_88654/fast' failed
make: *** [cmTC_88654/fast] Error 2


